<?xml version="1.0" encoding="UTF-8"?>
<testsuite xmlns:xsi="http://www.w3.org/2001/XMLSchema-instance" xsi:noNamespaceSchemaLocation="https://maven.apache.org/surefire/maven-surefire-plugin/xsd/surefire-test-report.xsd" name="tn.esprit.spring.services.test.EmployeServiceImplTest" time="7.566" tests="7" errors="0" skipped="0" failures="5">
  <properties>
[...]
</properties>
  <testcase name="testAffecterEmployeADepartementSuccess" classname="tn.esprit.spring.services.test.EmployeServiceImplTest" time="0.283"/>
  <testcase name="testCountEmployeFailure" classname="tn.esprit.spring.services.test.EmployeServiceImplTest" time="0.014">
    <failure message="expected:&lt;3&gt; but was:&lt;4&gt;" type="java.lang.AssertionError"><![CDATA[java.lang.AssertionError: expected:<3> but was:<4>
	at tn.esprit.spring.services.test.EmployeServiceImplTest.testCountEmployeFailure(EmployeServiceImplTest.java:57)
]]></failure>
    <system-out><![CDATA[2021-05-28 21:17:17.972  INFO 28284 --- [           main] t.e.spring.services.EmployeServiceImpl   :  Test : Classe EmployeServiceImplTest ...
2021-05-28 21:17:17.974  INFO 28284 --- [           main] t.e.spring.services.EmployeServiceImpl   :  testing methode testCountEmploye (Failure) .... 
2021-05-28 21:17:17.974  INFO 28284 --- [           main] t.e.spring.services.EmployeServiceImpl   :  Methode : countEmploye
Hibernate: select count(*) as col_0_0_ from employe employe0_
]]></system-out>
  </testcase>
  <testcase name="testAjouterDepartement" classname="tn.esprit.spring.services.test.EmployeServiceImplTest" time="0.018">
    <failure message="expected:&lt;1&gt; but was:&lt;3&gt;" type="java.lang.AssertionError"><![CDATA[java.lang.AssertionError: expected:<1> but was:<3>
	at tn.esprit.spring.services.test.EmployeServiceImplTest.testAjouterDepartement(EmployeServiceImplTest.java:64)
]]></failure>
    <system-out><![CDATA[2021-05-28 21:17:17.987  INFO 28284 --- [           main] t.e.spring.services.EmployeServiceImpl   :  Test : Classe EmployeServiceImplTest ...
2021-05-28 21:17:17.988  INFO 28284 --- [           main] t.e.spring.services.EmployeServiceImpl   :  testing methode testAjouterDepartement .... 
2021-05-28 21:17:17.989  INFO 28284 --- [           main] t.e.spring.services.EmployeServiceImpl   :  Methode : ajouterEmploye
Hibernate: insert into departement (entreprise_id, name) values (?, ?)
]]></system-out>
  </testcase>
  <testcase name="testAffecterEmployeADepartementFailure" classname="tn.esprit.spring.services.test.EmployeServiceImplTest" time="0.009">
    <failure message="affectation échoué " type="java.lang.AssertionError">java.lang.AssertionError: affectation échoué 
	at tn.esprit.spring.services.test.EmployeServiceImplTest.testAffecterEmployeADepartementFailure(EmployeServiceImplTest.java:78)
</failure>
    <system-out><![CDATA[2021-05-28 21:17:18.006  INFO 28284 --- [           main] t.e.spring.services.EmployeServiceImpl   :  Test : Classe EmployeServiceImplTest ...
2021-05-28 21:17:18.007  INFO 28284 --- [           main] t.e.spring.services.EmployeServiceImpl   :  testing methode testAffecterEmployeADepartement (Failure) .... 
Hibernate: select departemen0_.id as id1_1_0_, departemen0_.entreprise_id as entrepri3_1_0_, departemen0_.name as name2_1_0_, entreprise1_.id as id1_4_1_, entreprise1_.name as name2_4_1_, entreprise1_.raison_social as raison_s3_4_1_ from departement departemen0_ left outer join entreprise entreprise1_ on departemen0_.entreprise_id=entreprise1_.id where departemen0_.id=?
Hibernate: select employe0_.id as id1_3_0_, employe0_.email as email2_3_0_, employe0_.is_actif as is_actif3_3_0_, employe0_.nom as nom4_3_0_, employe0_.prenom as prenom5_3_0_, employe0_.role as role6_3_0_, departemen1_.employes_id as employes2_2_1_, departemen2_.id as departem1_2_1_, departemen2_.id as id1_1_2_, departemen2_.entreprise_id as entrepri3_1_2_, departemen2_.name as name2_1_2_, entreprise3_.id as id1_4_3_, entreprise3_.name as name2_4_3_, entreprise3_.raison_social as raison_s3_4_3_, contrat4_.reference as referenc1_0_4_, contrat4_.date_debut as date_deb2_0_4_, contrat4_.employe_id as employe_5_0_4_, contrat4_.salaire as salaire3_0_4_, contrat4_.type_contrat as type_con4_0_4_ from employe employe0_ left outer join departement_employes departemen1_ on employe0_.id=departemen1_.employes_id left outer join departement departemen2_ on departemen1_.departements_id=departemen2_.id left outer join entreprise entreprise3_ on departemen2_.entreprise_id=entreprise3_.id left outer join contrat contrat4_ on employe0_.id=contrat4_.employe_id where employe0_.id=?
]]></system-out>
  </testcase>
  <testcase name="testAjouterEmployeSuccess" classname="tn.esprit.spring.services.test.EmployeServiceImplTest" time="0.012">
    <failure message="expected:&lt;1&gt; but was:&lt;5&gt;" type="java.lang.AssertionError"><![CDATA[java.lang.AssertionError: expected:<1> but was:<5>
	at tn.esprit.spring.services.test.EmployeServiceImplTest.testAjouterEmployeSuccess(EmployeServiceImplTest.java:36)
]]></failure>
    <system-out><![CDATA[2021-05-28 21:17:18.017  INFO 28284 --- [           main] t.e.spring.services.EmployeServiceImpl   :  Test : Classe EmployeServiceImplTest ...
2021-05-28 21:17:18.019  INFO 28284 --- [           main] t.e.spring.services.EmployeServiceImpl   :  testing methode testAjouterEmploye (Success) .... 
2021-05-28 21:17:18.019  INFO 28284 --- [           main] t.e.spring.services.EmployeServiceImpl   :  Methode : ajouterEmploye
Hibernate: insert into employe (email, is_actif, nom, prenom, role) values (?, ?, ?, ?, ?)
]]></system-out>
  </testcase>
  <testcase name="testAjouterEmployeFailure" classname="tn.esprit.spring.services.test.EmployeServiceImplTest" time="0.006"/>
  <testcase name="testCountEmployeSuccess" classname="tn.esprit.spring.services.test.EmployeServiceImplTest" time="0.004">
    <failure message="expected:&lt;1&gt; but was:&lt;6&gt;" type="java.lang.AssertionError"><![CDATA[java.lang.AssertionError: expected:<1> but was:<6>
	at tn.esprit.spring.services.test.EmployeServiceImplTest.testCountEmployeSuccess(EmployeServiceImplTest.java:50)
]]></failure>
    <system-out><![CDATA[2021-05-28 21:17:18.037  INFO 28284 --- [           main] t.e.spring.services.EmployeServiceImpl   :  Test : Classe EmployeServiceImplTest ...
2021-05-28 21:17:18.038  INFO 28284 --- [           main] t.e.spring.services.EmployeServiceImpl   :  testing methode testCountEmploye (Success) .... 
2021-05-28 21:17:18.038  INFO 28284 --- [           main] t.e.spring.services.EmployeServiceImpl   :  Methode : countEmploye
Hibernate: select count(*) as col_0_0_ from employe employe0_
]]></system-out>
  </testcase>
</testsuite>